<?xml version="1.0" encoding="UTF-8"?>
<testng-results ignored="0" total="1" passed="1" failed="0" skipped="0">
  <reporter-output>
  </reporter-output>
  <suite started-at="2024-03-30T21:10:14 IST" name="Suite" finished-at="2024-03-30T21:12:39 IST" duration-ms="144526">
    <groups>
    </groups>
    <test started-at="2024-03-30T21:10:14 IST" name="Test" finished-at="2024-03-30T21:12:39 IST" duration-ms="144526">
      <class name="testscripts.regression.SearchHotelViaHybridKeywordFrame">
        <test-method is-config="true" signature="file()[pri:0, instance:testscripts.regression.SearchHotelViaHybridKeywordFrame@2767e23c]" started-at="2024-03-30T21:10:14 IST" name="file" finished-at="2024-03-30T21:10:16 IST" duration-ms="1483" status="PASS">
          <reporter-output>
          </reporter-output>
        </test-method> <!-- file -->
        <test-method is-config="true" signature="launchBrowser(org.testng.ITestContext)[pri:0, instance:testscripts.regression.SearchHotelViaHybridKeywordFrame@2767e23c]" started-at="2024-03-30T21:10:17 IST" name="launchBrowser" finished-at="2024-03-30T21:12:07 IST" duration-ms="110126" status="PASS">
          <params>
            <param index="0">
              <value>
                <![CDATA[org.testng.TestRunner@7b9088f2]]>
              </value>
            </param>
          </params>
          <reporter-output>
          </reporter-output>
        </test-method> <!-- launchBrowser -->
        <test-method signature="findHotel(java.util.HashMap)[pri:0, instance:testscripts.regression.SearchHotelViaHybridKeywordFrame@2767e23c]" started-at="2024-03-30T21:12:07 IST" name="findHotel" data-provider="getdata" finished-at="2024-03-30T21:12:29 IST" duration-ms="21535" status="PASS">
          <params>
            <param index="0">
              <value>
                <![CDATA[{Check Out Date=24/03/2024, Adults per Room=2 - Two, Check In Date=24/03/2024, Expected Title1=Adactin.com - Search Hotel, Children per Room=0 - None, Expected Title2=Adactin.com - Select Hotel, Hotels=Hotel Sunshine, password=Sudhakar02@, Room Type=Standard, Number of Rooms=1 - One, Welcome Title=Welcome to Adactin Group of Hotels, username=Sudha999, Location=Sydney}]]>
              </value>
            </param>
          </params>
          <reporter-output>
          </reporter-output>
        </test-method> <!-- findHotel -->
        <test-method is-config="true" signature="quitBrowser()[pri:0, instance:testscripts.regression.SearchHotelViaHybridKeywordFrame@2767e23c]" started-at="2024-03-30T21:12:30 IST" name="quitBrowser" finished-at="2024-03-30T21:12:37 IST" duration-ms="7330" status="PASS">
          <reporter-output>
          </reporter-output>
        </test-method> <!-- quitBrowser -->
        <test-method is-config="true" signature="closereports()[pri:0, instance:testscripts.regression.SearchHotelViaHybridKeywordFrame@2767e23c]" started-at="2024-03-30T21:12:37 IST" name="closereports" finished-at="2024-03-30T21:12:39 IST" duration-ms="1574" status="PASS">
          <reporter-output>
          </reporter-output>
        </test-method> <!-- closereports -->
      </class> <!-- testscripts.regression.SearchHotelViaHybridKeywordFrame -->
    </test> <!-- Test -->
  </suite> <!-- Suite -->
</testng-results>
